<?xml version="1.0" encoding="UTF-8"?>
<!-- Generated by org.testng.reporters.JUnitReportReporter -->
<testsuite hostname="lpushug" failures="0" tests="1" name="TestsRunner.CucumberTestsRunner" time="3.625" errors="0" timestamp="2024-08-05T19:32:23 ECT" skipped="0">
  <testcase classname="TestsRunner.CucumberTestsRunner" name="runScenario" time="3.625"/>
</testsuite> <!-- TestsRunner.CucumberTestsRunner -->
